Determining if the pthread_create exist failed with the following output:
Change Dir: /home/junette/catkin_ws/build_isolated/turtlebot3_simulations/CMakeFiles/CMakeTmp

Run Build Command:"/usr/bin/make" "cmTC_c8f45/fast"
/usr/bin/make -f CMakeFiles/cmTC_c8f45.dir/build.make CMakeFiles/cmTC_c8f45.dir/build
make[1]: Entering directory '/home/junette/catkin_ws/build_isolated/turtlebot3_simulations/CMakeFiles/CMakeTmp'
Building C object CMakeFiles/cmTC_c8f45.dir/CheckSymbolExists.c.o
/usr/bin/cc    -o CMakeFiles/cmTC_c8f45.dir/CheckSymbolExists.c.o   -c /home/junette/catkin_ws/build_isolated/turtlebot3_simulations/CMakeFiles/CMakeTmp/CheckSymbolExists.c
Linking C executable cmTC_c8f45
/usr/bin/cmake -E cmake_link_script CMakeFiles/cmTC_c8f45.dir/link.txt --verbose=1
/usr/bin/cc      -rdynamic CMakeFiles/cmTC_c8f45.dir/CheckSymbolExists.c.o  -o cmTC_c8f45 
CMakeFiles/cmTC_c8f45.dir/CheckSymbolExists.c.o: In function `main':
CheckSymbolExists.c:(.text+0x1b): undefined reference to `pthread_create'
collect2: error: ld returned 1 exit status
CMakeFiles/cmTC_c8f45.dir/build.make:97: recipe for target 'cmTC_c8f45' failed
make[1]: *** [cmTC_c8f45] Error 1
make[1]: Leaving directory '/home/junette/catkin_ws/build_isolated/turtlebot3_simulations/CMakeFiles/CMakeTmp'
Makefile:126: recipe for target 'cmTC_c8f45/fast' failed
make: *** [cmTC_c8f45/fast] Error 2

File /home/junette/catkin_ws/build_isolated/turtlebot3_simulations/CMakeFiles/CMakeTmp/CheckSymbolExists.c:
/* */
#include <pthread.h>

int main(int argc, char** argv)
{
  (void)argv;
#ifndef pthread_create
  return ((int*)(&pthread_create))[argc];
#else
  (void)argc;
  return 0;
#endif
}

Determining if the function pthread_create exists in the pthreads failed with the following output:
Change Dir: /home/junette/catkin_ws/build_isolated/turtlebot3_simulations/CMakeFiles/CMakeTmp

Run Build Command:"/usr/bin/make" "cmTC_38bab/fast"
/usr/bin/make -f CMakeFiles/cmTC_38bab.dir/build.make CMakeFiles/cmTC_38bab.dir/build
make[1]: Entering directory '/home/junette/catkin_ws/build_isolated/turtlebot3_simulations/CMakeFiles/CMakeTmp'
Building C object CMakeFiles/cmTC_38bab.dir/CheckFunctionExists.c.o
/usr/bin/cc   -DCHECK_FUNCTION_EXISTS=pthread_create   -o CMakeFiles/cmTC_38bab.dir/CheckFunctionExists.c.o   -c /usr/share/cmake-3.10/Modules/CheckFunctionExists.c
Linking C executable cmTC_38bab
/usr/bin/cmake -E cmake_link_script CMakeFiles/cmTC_38bab.dir/link.txt --verbose=1
/usr/bin/cc  -DCHECK_FUNCTION_EXISTS=pthread_create    -rdynamic CMakeFiles/cmTC_38bab.dir/CheckFunctionExists.c.o  -o cmTC_38bab -lpthreads 
/usr/bin/ld: cannot find -lpthreads
collect2: error: ld returned 1 exit status
CMakeFiles/cmTC_38bab.dir/build.make:97: recipe for target 'cmTC_38bab' failed
make[1]: *** [cmTC_38bab] Error 1
make[1]: Leaving directory '/home/junette/catkin_ws/build_isolated/turtlebot3_simulations/CMakeFiles/CMakeTmp'
Makefile:126: recipe for target 'cmTC_38bab/fast' failed
make: *** [cmTC_38bab/fast] Error 2


